{
  "RSpec": {
    "coverage": {
      "/Users/cody/Projects/quickeebooks_id_hack/lib/quickeebooks.rb": [
        1,
        1,
        1,
        1,
        null,
        1,
        null,
        1,
        1,
        null,
        1,
        1,
        59,
        null,
        null,
        1,
        2,
        null,
        null,
        null,
        1,
        null,
        null,
        1,
        1255,
        null,
        null,
        1,
        1255,
        28,
        28,
        null,
        null,
        null,
        null,
        1,
        1,
        null,
        null,
        null,
        null,
        null,
        null,
        null,
        1,
        1,
        null,
        1,
        216,
        216,
        216,
        216,
        216,
        216,
        1349,
        null,
        216,
        212,
        null,
        216,
        1786,
        1786,
        614,
        null,
        null,
        null,
        null,
        null,
        null,
        null,
        null,
        null,
        null,
        1,
        1,
        1,
        1,
        null,
        null,
        1,
        null,
        null,
        null,
        null,
        1,
        1,
        1,
        1,
        1,
        1,
        1,
        1,
        1,
        1,
        1,
        1,
        1,
        1,
        1,
        1,
        1,
        1,
        1,
        1,
        1,
        1,
        1,
        1,
        1,
        1,
        1,
        1,
        1,
        1,
        1,
        1,
        1,
        1,
        1,
        1,
        1,
        1,
        1,
        1,
        1,
        null,
        null,
        1,
        1,
        1,
        1,
        1,
        1,
        1,
        1,
        1,
        1,
        1,
        1,
        1,
        1,
        1,
        1,
        1,
        1,
        1,
        1,
        1,
        1,
        1,
        null,
        null,
        null,
        null,
        1,
        1,
        1,
        1,
        1,
        1,
        1,
        1,
        1,
        1,
        1,
        1,
        1,
        1,
        1,
        1,
        1,
        1,
        1,
        1,
        1,
        1,
        1,
        1,
        1,
        1,
        1,
        1,
        1,
        1,
        1,
        1,
        1,
        1,
        1,
        1,
        1,
        1,
        1,
        1,
        1,
        1,
        1,
        1,
        1,
        1,
        1,
        1,
        1,
        1,
        1,
        null,
        null,
        null,
        1,
        1,
        1,
        1,
        1,
        1,
        1,
        1,
        1,
        1,
        1,
        1,
        1,
        1,
        1,
        1,
        1,
        1,
        1,
        1,
        1,
        1,
        1
      ],
      "/Users/cody/Projects/quickeebooks_id_hack/lib/quickeebooks/shared/service/filter.rb": [
        1,
        1,
        1,
        1,
        null,
        1,
        1,
        null,
        1,
        1,
        null,
        null,
        1,
        null,
        null,
        1,
        null,
        1,
        38,
        38,
        38,
        77,
        null,
        null,
        null,
        null,
        1,
        25,
        null,
        3,
        null,
        10,
        null,
        4,
        null,
        2,
        null,
        6,
        null,
        0,
        null,
        null,
        null,
        1,
        10,
        null,
        3,
        null,
        5,
        null,
        0,
        null,
        2,
        null,
        0,
        null,
        0,
        null,
        null,
        null,
        1,
        null,
        1,
        6,
        6,
        2,
        null,
        6,
        2,
        null,
        6,
        2,
        null,
        6,
        null,
        null,
        1,
        3,
        3,
        1,
        1,
        null,
        3,
        1,
        1,
        null,
        null,
        3,
        1,
        null,
        null,
        3,
        null,
        null,
        1,
        10,
        10,
        5,
        5,
        null,
        10,
        6,
        6,
        null,
        null,
        10,
        0,
        null,
        null,
        10,
        null,
        null,
        1,
        4,
        null,
        null,
        1,
        3,
        null,
        null,
        1,
        2,
        null,
        null,
        1,
        5,
        null,
        null,
        1,
        0,
        null,
        null,
        1,
        0,
        null,
        null,
        1,
        2,
        null,
        null,
        1,
        3,
        null,
        null,
        1,
        13,
        null,
        null,
        1,
        13,
        null,
        null,
        null,
        null,
        null,
        null
      ],
      "/Users/cody/Projects/quickeebooks_id_hack/lib/quickeebooks/shared/service/access_token.rb": [
        1,
        null,
        null,
        1,
        1,
        1,
        1,
        1,
        null,
        1,
        1,
        1,
        1,
        1,
        1,
        null,
        1,
        12,
        null,
        null,
        1,
        null,
        1,
        8,
        8,
        8,
        null,
        null,
        null,
        null,
        null,
        null,
        1,
        4,
        4,
        4,
        null,
        null,
        null,
        null,
        null,
        null,
        null,
        null
      ],
      "/Users/cody/Projects/quickeebooks_id_hack/lib/quickeebooks/shared/service/sort.rb": [
        1,
        1,
        1,
        1,
        1,
        null,
        1,
        4,
        4,
        null,
        null,
        1,
        2,
        null,
        null,
        1,
        2,
        null,
        null,
        null,
        null,
        null
      ],
      "/Users/cody/Projects/quickeebooks_id_hack/lib/quickeebooks/shared/service/operation_node.rb": [
        1,
        null,
        1,
        1,
        1,
        null,
        1,
        null,
        1,
        7,
        null,
        null,
        1,
        4,
        null,
        null,
        1,
        11,
        null,
        null,
        1,
        null,
        1,
        11,
        11,
        11,
        11,
        11,
        null,
        null,
        null,
        null,
        null,
        null,
        null
      ],
      "/Users/cody/Projects/quickeebooks_id_hack/lib/quickeebooks/common/addressable.rb": [
        1,
        1,
        1,
        null,
        1,
        7,
        7,
        null,
        null,
        1,
        null,
        null,
        1,
        1,
        0,
        0,
        null,
        null,
        1,
        1,
        1,
        null,
        null,
        1,
        2,
        null,
        null,
        1,
        1,
        null,
        null,
        1,
        1,
        null,
        null,
        1,
        1,
        null,
        null,
        1,
        1,
        null,
        null,
        1,
        1,
        null,
        null,
        1,
        1,
        null,
        null,
        1,
        null,
        1,
        20,
        null,
        null,
        1,
        7,
        null,
        null,
        null,
        null,
        null,
        null,
        null
      ],
      "/Users/cody/Projects/quickeebooks_id_hack/lib/quickeebooks/online/model/intuit_type.rb": [
        1,
        1,
        1,
        1,
        1,
        1,
        1,
        null,
        null,
        null,
        null,
        null,
        null,
        null,
        null,
        null,
        1,
        17,
        null,
        null,
        1,
        136,
        null,
        null,
        null,
        1,
        null,
        null,
        null,
        1,
        53,
        53,
        53,
        53,
        null,
        53,
        53,
        53,
        null,
        null,
        null,
        null,
        null,
        null
      ],
      "/Users/cody/Projects/quickeebooks_id_hack/lib/quickeebooks/common/logging.rb": [
        1,
        null,
        1,
        1255,
        null,
        null,
        1,
        290,
        222,
        null,
        64,
        null,
        null,
        6,
        null,
        null,
        null
      ],
      "/Users/cody/Projects/quickeebooks_id_hack/lib/quickeebooks/online/model/company_meta_data.rb": [
        null,
        1,
        1,
        1,
        1,
        null,
        1,
        1,
        1,
        1,
        1,
        null,
        1,
        null,
        1,
        1,
        1,
        1,
        1,
        1,
        1,
        1,
        null,
        1,
        0,
        null,
        null,
        null,
        null,
        null
      ],
      "/Users/cody/Projects/quickeebooks_id_hack/lib/quickeebooks/online/model/address.rb": [
        1,
        null,
        1,
        1,
        1,
        1,
        1,
        1,
        1,
        1,
        1,
        1,
        1,
        1,
        1,
        1,
        null,
        1,
        0,
        null,
        null,
        1,
        0,
        0,
        null,
        null,
        null,
        null,
        null,
        null,
        null,
        null,
        null,
        null,
        null,
        null,
        null,
        null,
        null,
        null,
        null,
        null,
        null
      ],
      "/Users/cody/Projects/quickeebooks_id_hack/lib/quickeebooks/online/model/phone.rb": [
        1,
        null,
        1,
        1,
        1,
        1,
        1,
        1,
        null,
        null,
        null,
        null
      ],
      "/Users/cody/Projects/quickeebooks_id_hack/lib/quickeebooks/online/model/email.rb": [
        1,
        null,
        1,
        null,
        1,
        1,
        1,
        1,
        null,
        1,
        4,
        4,
        null,
        null,
        1,
        40,
        4,
        null,
        null,
        null,
        null,
        null,
        null,
        null
      ],
      "/Users/cody/Projects/quickeebooks_id_hack/lib/quickeebooks/online/model/customer.rb": [
        1,
        1,
        1,
        1,
        1,
        1,
        1,
        1,
        1,
        1,
        1,
        null,
        1,
        1,
        1,
        1,
        1,
        1,
        1,
        null,
        1,
        1,
        null,
        1,
        1,
        1,
        null,
        1,
        null,
        null,
        null,
        null,
        null
      ],
      "/Users/cody/Projects/quickeebooks_id_hack/lib/quickeebooks/online/model/id.rb": [
        1,
        null,
        1,
        1,
        1,
        1,
        null,
        null,
        1,
        null,
        null,
        1,
        1,
        null,
        1,
        324,
        null,
        null,
        1,
        5,
        null,
        null,
        1,
        4,
        null,
        null,
        null,
        null,
        null,
        null
      ],
      "/Users/cody/Projects/quickeebooks_id_hack/lib/quickeebooks/online/model/meta_data.rb": [
        1,
        1,
        null,
        1,
        1,
        1,
        1,
        1,
        1,
        null,
        1,
        4,
        4,
        4,
        4,
        null,
        null,
        1,
        null,
        1,
        8,
        null,
        null,
        null,
        null,
        null,
        null
      ],
      "/Users/cody/Projects/quickeebooks_id_hack/lib/quickeebooks/online/model/web_site.rb": [
        1,
        null,
        1,
        1,
        1,
        1,
        1,
        null,
        1,
        26,
        null,
        null,
        1,
        2,
        2,
        null,
        null,
        null,
        null,
        null,
        null
      ],
      "/Users/cody/Projects/quickeebooks_id_hack/lib/quickeebooks/online/model/note.rb": [
        1,
        null,
        1,
        1,
        1,
        1,
        1,
        null,
        null,
        null,
        null
      ],
      "/Users/cody/Projects/quickeebooks_id_hack/lib/quickeebooks/online/model/customer_custom_field.rb": [
        1,
        null,
        1,
        1,
        1,
        1,
        null,
        1,
        1,
        1,
        null,
        1,
        1,
        null,
        1,
        null,
        3,
        null,
        null,
        null,
        null,
        null,
        null,
        null,
        null,
        null,
        1,
        0,
        0,
        0,
        null,
        0,
        null,
        null,
        0,
        null,
        null,
        null,
        1,
        0,
        0,
        null,
        0,
        null,
        null,
        null,
        null,
        null,
        null,
        null,
        null
      ],
      "/Users/cody/Projects/quickeebooks_id_hack/lib/quickeebooks/online/model/open_balance.rb": [
        1,
        null,
        1,
        1,
        1,
        1,
        1,
        null,
        null,
        null,
        null
      ],
      "/Users/cody/Projects/quickeebooks_id_hack/lib/quickeebooks/common/online_entity_model.rb": [
        1,
        null,
        1,
        6,
        6,
        6,
        6,
        6,
        6,
        6,
        6,
        6,
        6,
        6,
        6,
        6,
        6,
        6,
        6,
        6,
        6,
        6,
        6,
        6,
        6,
        6,
        null,
        null,
        null,
        null,
        1,
        1,
        16,
        7,
        null,
        16,
        null,
        null,
        1,
        22,
        null,
        null,
        1,
        4,
        null,
        null,
        null,
        1,
        9,
        5,
        null,
        null,
        null,
        1,
        null,
        null,
        null
      ],
      "/Users/cody/Projects/quickeebooks_id_hack/lib/quickeebooks/online/model/clazz.rb": [
        1,
        1,
        1,
        1,
        null,
        1,
        1,
        1,
        1,
        1,
        null,
        1,
        1,
        null,
        null,
        1,
        null,
        1,
        1,
        1,
        1,
        1,
        1,
        null,
        1,
        null,
        1,
        0,
        0,
        null,
        0,
        null,
        null,
        1,
        0,
        0,
        0,
        null,
        0,
        null,
        null,
        1,
        2,
        2,
        null,
        null,
        null,
        1,
        2,
        1,
        null,
        null,
        1,
        2,
        null,
        null,
        null,
        null,
        null,
        null
      ],
      "/Users/cody/Projects/quickeebooks_id_hack/lib/quickeebooks/online/model/account.rb": [
        1,
        1,
        1,
        1,
        null,
        1,
        1,
        1,
        1,
        1,
        null,
        1,
        1,
        null,
        1,
        1,
        1,
        1,
        1,
        1,
        1,
        1,
        1,
        1,
        1,
        1,
        null,
        1,
        1,
        null,
        1,
        2,
        null,
        null,
        1,
        0,
        0,
        null,
        0,
        0,
        null,
        null,
        null,
        1,
        3,
        1,
        null,
        null,
        null,
        null,
        null,
        null,
        null
      ],
      "/Users/cody/Projects/quickeebooks_id_hack/lib/quickeebooks/online/model/account_detail_type.rb": [
        1,
        1,
        1,
        1,
        null,
        1,
        null,
        null,
        null,
        null,
        null,
        null,
        null,
        null,
        null,
        null,
        null,
        null,
        null,
        null,
        null,
        null,
        null,
        null,
        null,
        null,
        null,
        null,
        null,
        null,
        null,
        null,
        null,
        null,
        null,
        null,
        null,
        null,
        null,
        null,
        null,
        null,
        null,
        null,
        null,
        null,
        null,
        null,
        null,
        null,
        null,
        null,
        null,
        null,
        null,
        null,
        null,
        null,
        null,
        null,
        null,
        null,
        null,
        null,
        null,
        null,
        null,
        null,
        null,
        null,
        null,
        null,
        null,
        null,
        null,
        null,
        null,
        null,
        null,
        null,
        null,
        null,
        null,
        null,
        null,
        null,
        null,
        null,
        null,
        null,
        null,
        null,
        null,
        null,
        null,
        null,
        null,
        null,
        null,
        null,
        null,
        null,
        null,
        null,
        null,
        null,
        null,
        null,
        null,
        null,
        null,
        null,
        null,
        null,
        null,
        null,
        null,
        null,
        null,
        null,
        null,
        null,
        null,
        null,
        null,
        null
      ],
      "/Users/cody/Projects/quickeebooks_id_hack/lib/quickeebooks/online/model/bill.rb": [
        null,
        1,
        1,
        1,
        1,
        null,
        1,
        1,
        1,
        1,
        1,
        1,
        1,
        1,
        null,
        1,
        1,
        1,
        1,
        1,
        1,
        null,
        null,
        null,
        null,
        null
      ],
      "/Users/cody/Projects/quickeebooks_id_hack/lib/quickeebooks/online/model/bill_header.rb": [
        1,
        null,
        1,
        1,
        1,
        1,
        1,
        1,
        1,
        1,
        1,
        1,
        1,
        1,
        1,
        1,
        1,
        null,
        null,
        null,
        null
      ],
      "/Users/cody/Projects/quickeebooks_id_hack/lib/quickeebooks/online/model/bill_line_item.rb": [
        1,
        null,
        1,
        1,
        1,
        1,
        1,
        1,
        1,
        1,
        1,
        1,
        1,
        1,
        1,
        1,
        1,
        1,
        null,
        null,
        null,
        null
      ],
      "/Users/cody/Projects/quickeebooks_id_hack/lib/quickeebooks/online/model/bill_reimbursable.rb": [
        1,
        1,
        1,
        1,
        1,
        1,
        1,
        null,
        null,
        null,
        null
      ],
      "/Users/cody/Projects/quickeebooks_id_hack/lib/quickeebooks/common/online_line_item_model_methods.rb": [
        1,
        null,
        1,
        6,
        6,
        null,
        null,
        1,
        1,
        60,
        null,
        null,
        1,
        11,
        null,
        null,
        1,
        20,
        null,
        null,
        1,
        9,
        9,
        null,
        null,
        1,
        null,
        1,
        null,
        null,
        1,
        60,
        null,
        null,
        null,
        1,
        1,
        11,
        null,
        null,
        null,
        null,
        null
      ],
      "/Users/cody/Projects/quickeebooks_id_hack/lib/quickeebooks/online/model/invoice.rb": [
        null,
        null,
        1,
        1,
        1,
        1,
        1,
        1,
        null,
        null,
        1,
        1,
        1,
        1,
        1,
        1,
        null,
        1,
        1,
        null,
        1,
        1,
        1,
        1,
        1,
        1,
        1,
        1,
        1,
        1,
        1,
        1,
        1,
        null,
        1,
        null,
        null,
        null,
        null,
        null,
        null
      ],
      "/Users/cody/Projects/quickeebooks_id_hack/lib/quickeebooks/online/model/invoice_header.rb": [
        1,
        null,
        1,
        1,
        1,
        1,
        null,
        1,
        null,
        1,
        1,
        1,
        1,
        1,
        1,
        1,
        1,
        1,
        1,
        1,
        1,
        1,
        1,
        1,
        1,
        1,
        1,
        1,
        1,
        1,
        1,
        1,
        1,
        1,
        1,
        1,
        1,
        1,
        1,
        null,
        null,
        null,
        null,
        null,
        null
      ],
      "/Users/cody/Projects/quickeebooks_id_hack/lib/quickeebooks/online/model/invoice_line_item.rb": [
        1,
        null,
        1,
        1,
        1,
        1,
        1,
        1,
        1,
        1,
        1,
        1,
        1,
        1,
        1,
        1,
        1,
        1,
        1,
        null,
        null,
        null,
        null
      ],
      "/Users/cody/Projects/quickeebooks_id_hack/lib/quickeebooks/online/model/item.rb": [
        1,
        1,
        1,
        1,
        1,
        null,
        1,
        null,
        1,
        1,
        1,
        1,
        null,
        1,
        null,
        null,
        1,
        null,
        1,
        1,
        1,
        1,
        1,
        1,
        1,
        1,
        1,
        1,
        1,
        1,
        1,
        1,
        null,
        1,
        1,
        null,
        1,
        0,
        null,
        null,
        null,
        1,
        0,
        0,
        null,
        null,
        1,
        0,
        0,
        null,
        0,
        0,
        null,
        null,
        1,
        0,
        null,
        null,
        null,
        null,
        null,
        null,
        null
      ],
      "/Users/cody/Projects/quickeebooks_id_hack/lib/quickeebooks/online/model/price.rb": [
        1,
        null,
        1,
        1,
        1,
        1,
        1,
        null,
        1,
        0,
        0,
        null,
        null,
        null,
        null,
        null,
        null,
        null
      ],
      "/Users/cody/Projects/quickeebooks_id_hack/lib/quickeebooks/online/model/account_reference.rb": [
        1,
        null,
        1,
        1,
        1,
        1,
        1,
        null,
        1,
        0,
        0,
        null,
        null,
        null,
        null,
        null,
        null
      ],
      "/Users/cody/Projects/quickeebooks_id_hack/lib/quickeebooks/online/model/job.rb": [
        1,
        1,
        1,
        1,
        1,
        1,
        1,
        1,
        1,
        1,
        1,
        null,
        1,
        1,
        1,
        1,
        1,
        1,
        1,
        null,
        1,
        1,
        null,
        1,
        1,
        1,
        1,
        1,
        1,
        1,
        1,
        null,
        1,
        1,
        null,
        1,
        null,
        1,
        2,
        1,
        null,
        null,
        null,
        null,
        null,
        null,
        null
      ],
      "/Users/cody/Projects/quickeebooks_id_hack/lib/quickeebooks/online/model/unit_price.rb": [
        1,
        null,
        1,
        1,
        1,
        1,
        1,
        null,
        null,
        null,
        null
      ],
      "/Users/cody/Projects/quickeebooks_id_hack/lib/quickeebooks/online/model/payment.rb": [
        1,
        1,
        1,
        1,
        1,
        1,
        1,
        1,
        null,
        1,
        1,
        1,
        1,
        1,
        1,
        null,
        1,
        1,
        null,
        1,
        1,
        1,
        1,
        1,
        1,
        null,
        null,
        null,
        null,
        null
      ],
      "/Users/cody/Projects/quickeebooks_id_hack/lib/quickeebooks/online/model/payment_header.rb": [
        1,
        1,
        null,
        1,
        1,
        1,
        1,
        1,
        1,
        1,
        1,
        1,
        1,
        1,
        1,
        1,
        1,
        1,
        1,
        1,
        null,
        null,
        null,
        null
      ],
      "/Users/cody/Projects/quickeebooks_id_hack/lib/quickeebooks/online/model/payment_detail.rb": [
        1,
        null,
        1,
        1,
        1,
        1,
        1,
        1,
        null,
        null,
        null,
        null
      ],
      "/Users/cody/Projects/quickeebooks_id_hack/lib/quickeebooks/online/model/credit_card.rb": [
        1,
        1,
        null,
        1,
        1,
        1,
        1,
        1,
        1,
        1,
        null,
        null,
        null,
        null
      ],
      "/Users/cody/Projects/quickeebooks_id_hack/lib/quickeebooks/online/model/credit_charge_info.rb": [
        1,
        1,
        1,
        1,
        1,
        1,
        1,
        1,
        1,
        1,
        1,
        1,
        1,
        null,
        null,
        null,
        null
      ],
      "/Users/cody/Projects/quickeebooks_id_hack/lib/quickeebooks/online/model/credit_charge_response.rb": [
        1,
        1,
        1,
        1,
        1,
        1,
        1,
        1,
        1,
        null,
        null,
        null,
        null
      ],
      "/Users/cody/Projects/quickeebooks_id_hack/lib/quickeebooks/online/model/payment_line_item.rb": [
        1,
        null,
        1,
        1,
        1,
        1,
        1,
        1,
        1,
        1,
        1,
        null,
        null,
        null,
        null
      ],
      "/Users/cody/Projects/quickeebooks_id_hack/lib/quickeebooks/online/model/payment_method.rb": [
        1,
        1,
        1,
        1,
        1,
        null,
        1,
        1,
        null,
        null,
        1,
        null,
        1,
        1,
        1,
        1,
        1,
        1,
        1,
        1,
        1,
        null,
        1,
        null,
        null,
        null,
        null
      ],
      "/Users/cody/Projects/quickeebooks_id_hack/lib/quickeebooks/online/model/vendor.rb": [
        1,
        1,
        1,
        1,
        1,
        1,
        1,
        1,
        1,
        null,
        1,
        1,
        1,
        1,
        1,
        1,
        1,
        null,
        1,
        1,
        null,
        1,
        1,
        null,
        null,
        null,
        null,
        null
      ],
      "/Users/cody/Projects/quickeebooks_id_hack/lib/quickeebooks/online/model/sales_receipt.rb": [
        1,
        1,
        1,
        1,
        1,
        null,
        1,
        1,
        1,
        1,
        1,
        1,
        null,
        1,
        1,
        null,
        1,
        1,
        1,
        1,
        1,
        1,
        1,
        null,
        null,
        null,
        null,
        null
      ],
      "/Users/cody/Projects/quickeebooks_id_hack/lib/quickeebooks/online/model/sales_receipt_header.rb": [
        1,
        null,
        1,
        1,
        1,
        1,
        1,
        1,
        1,
        1,
        1,
        1,
        1,
        1,
        1,
        1,
        1,
        1,
        1,
        1,
        1,
        1,
        1,
        null,
        null,
        null,
        null
      ],
      "/Users/cody/Projects/quickeebooks_id_hack/lib/quickeebooks/common/date_time.rb": [
        1,
        1,
        1,
        1,
        null,
        1,
        null,
        1,
        0,
        0,
        null,
        null,
        1,
        null,
        1,
        0,
        null,
        null,
        null,
        null,
        null
      ],
      "/Users/cody/Projects/quickeebooks_id_hack/lib/quickeebooks/online/model/sales_receipt_line_item.rb": [
        1,
        1,
        1,
        1,
        1,
        1,
        1,
        1,
        1,
        1,
        1,
        1,
        1,
        null,
        null,
        null,
        null
      ],
      "/Users/cody/Projects/quickeebooks_id_hack/lib/quickeebooks/online/model/sales_term.rb": [
        null,
        1,
        1,
        1,
        null,
        1,
        1,
        1,
        1,
        null,
        1,
        1,
        null,
        1,
        1,
        null,
        1,
        1,
        1,
        1,
        1,
        1,
        1,
        null,
        1,
        null,
        null,
        1,
        0,
        null,
        null,
        null,
        null,
        null
      ],
      "/Users/cody/Projects/quickeebooks_id_hack/lib/quickeebooks/online/model/journal_entry.rb": [
        1,
        1,
        1,
        1,
        1,
        null,
        1,
        1,
        1,
        1,
        1,
        1,
        null,
        1,
        1,
        null,
        1,
        1,
        1,
        1,
        1,
        1,
        1,
        null,
        1,
        2,
        null,
        null,
        null,
        null,
        null,
        null
      ],
      "/Users/cody/Projects/quickeebooks_id_hack/lib/quickeebooks/online/model/journal_entry_header.rb": [
        1,
        null,
        1,
        1,
        1,
        1,
        1,
        1,
        1,
        1,
        1,
        null,
        null,
        null,
        null
      ],
      "/Users/cody/Projects/quickeebooks_id_hack/lib/quickeebooks/online/model/journal_entry_line_item.rb": [
        1,
        1,
        1,
        1,
        1,
        null,
        1,
        1,
        1,
        1,
        1,
        1,
        1,
        1,
        1,
        null,
        1,
        1,
        null,
        null,
        null,
        null
      ],
      "/Users/cody/Projects/quickeebooks_id_hack/lib/quickeebooks/online/model/employee.rb": [
        1,
        1,
        1,
        1,
        1,
        1,
        1,
        1,
        null,
        1,
        1,
        1,
        1,
        1,
        1,
        1,
        null,
        1,
        1,
        1,
        null,
        null,
        null,
        null,
        null
      ],
      "/Users/cody/Projects/quickeebooks_id_hack/lib/quickeebooks/online/model/time_activity.rb": [
        1,
        1,
        1,
        1,
        1,
        null,
        1,
        1,
        1,
        1,
        1,
        1,
        null,
        1,
        1,
        null,
        1,
        1,
        null,
        1,
        1,
        null,
        1,
        1,
        1,
        1,
        1,
        1,
        1,
        1,
        1,
        1,
        1,
        1,
        1,
        1,
        1,
        null,
        1,
        23,
        23,
        23,
        23,
        1,
        null,
        1,
        null,
        1,
        22,
        1,
        null,
        22,
        18,
        null,
        null,
        null,
        1,
        3,
        2,
        null,
        null,
        null,
        1,
        2,
        2,
        null,
        null,
        null,
        1,
        2,
        null,
        null,
        null,
        null,
        null
      ],
      "/Users/cody/Projects/quickeebooks_id_hack/lib/quickeebooks/online/model/time_activity_employee.rb": [
        1,
        null,
        1,
        1,
        1,
        1,
        1,
        1,
        null,
        null,
        null,
        null
      ],
      "/Users/cody/Projects/quickeebooks_id_hack/lib/quickeebooks/online/model/time_activity_vendor.rb": [
        1,
        null,
        1,
        1,
        1,
        1,
        1,
        1,
        null,
        null,
        null,
        null
      ],
      "/Users/cody/Projects/quickeebooks_id_hack/lib/quickeebooks/online/model/bill_payment.rb": [
        null,
        1,
        1,
        1,
        1,
        null,
        1,
        1,
        1,
        1,
        1,
        1,
        1,
        1,
        null,
        1,
        1,
        1,
        1,
        1,
        1,
        null,
        null,
        null,
        null,
        null
      ],
      "/Users/cody/Projects/quickeebooks_id_hack/lib/quickeebooks/online/model/bill_payment_header.rb": [
        1,
        null,
        1,
        1,
        1,
        1,
        1,
        1,
        1,
        1,
        1,
        1,
        1,
        1,
        1,
        1,
        null,
        1,
        null,
        1,
        null,
        null,
        null,
        null
      ],
      "/Users/cody/Projects/quickeebooks_id_hack/lib/quickeebooks/online/model/bill_payment_line_item.rb": [
        1,
        1,
        1,
        1,
        1,
        1,
        1,
        1,
        1,
        null,
        null,
        null,
        null
      ],
      "/Users/cody/Projects/quickeebooks_id_hack/lib/quickeebooks/online/model/tracking_class.rb": [
        null,
        1,
        null,
        1,
        1,
        1,
        1,
        1,
        1,
        null,
        1,
        1,
        1,
        1,
        1,
        1,
        1,
        1,
        null,
        1,
        7,
        null,
        null,
        1,
        4,
        0,
        null,
        4,
        4,
        null,
        null,
        1,
        1,
        1,
        null,
        null,
        1,
        7,
        null,
        null,
        null,
        null,
        null
      ],
      "/Users/cody/Projects/quickeebooks_id_hack/lib/quickeebooks/online/service/filter.rb": [
        1,
        null,
        1,
        1,
        1,
        1,
        null,
        null,
        null,
        null
      ],
      "/Users/cody/Projects/quickeebooks_id_hack/lib/quickeebooks/online/service/pagination.rb": [
        1,
        1,
        1,
        1,
        1,
        null,
        1,
        0,
        0,
        null,
        null,
        1,
        0,
        null,
        null,
        null,
        null,
        null,
        null
      ],
      "/Users/cody/Projects/quickeebooks_id_hack/lib/quickeebooks/online/service/sort.rb": [
        1,
        1,
        1,
        1,
        null,
        null,
        null,
        null
      ],
      "/Users/cody/Projects/quickeebooks_id_hack/lib/quickeebooks/online/service/company_meta_data.rb": [
        1,
        1,
        null,
        1,
        1,
        1,
        null,
        null,
        1,
        null,
        1,
        1,
        1,
        1,
        1,
        null,
        null,
        null,
        null,
        null,
        null,
        null,
        null,
        null
      ],
      "/Users/cody/Projects/quickeebooks_id_hack/lib/quickeebooks/online/service/service_base.rb": [
        1,
        1,
        1,
        1,
        null,
        1,
        1,
        1,
        0,
        null,
        null,
        1,
        null,
        1,
        1,
        null,
        1,
        1,
        1,
        1,
        1,
        1,
        null,
        1,
        1,
        null,
        1,
        25,
        0,
        0,
        0,
        0,
        0,
        0,
        null,
        null,
        null,
        1,
        18,
        null,
        null,
        1,
        0,
        null,
        null,
        null,
        1,
        0,
        null,
        null,
        1,
        186,
        null,
        null,
        1,
        186,
        null,
        null,
        null,
        null,
        1,
        null,
        1,
        1,
        1,
        1,
        1,
        null,
        1,
        null,
        null,
        1,
        null,
        1,
        21,
        null,
        null,
        1,
        null,
        null,
        2,
        2,
        null,
        null,
        1,
        46,
        null,
        null,
        1,
        24,
        null,
        24,
        null,
        24,
        4,
        2,
        null,
        null,
        24,
        24,
        null,
        24,
        1,
        null,
        null,
        24,
        24,
        24,
        18,
        18,
        18,
        18,
        18,
        17,
        17,
        39,
        null,
        null,
        17,
        17,
        null,
        1,
        null,
        17,
        null,
        null,
        null,
        null,
        null,
        1,
        68,
        68,
        null,
        null,
        1,
        31,
        31,
        null,
        null,
        1,
        95,
        75,
        null,
        95,
        95,
        95,
        95,
        95,
        95,
        null,
        95,
        95,
        null,
        null,
        1,
        99,
        32,
        null,
        83,
        null,
        null,
        null,
        1,
        97,
        97,
        97,
        97,
        97,
        null,
        94,
        null,
        0,
        null,
        0,
        null,
        2,
        2,
        2,
        2,
        2,
        2,
        null,
        1,
        null,
        null,
        null,
        1,
        2,
        2,
        2,
        2,
        2,
        null,
        2,
        2,
        2,
        null,
        2,
        2,
        2,
        null,
        null,
        2,
        null,
        null,
        null,
        null,
        null,
        null
      ],
      "/Users/cody/Projects/quickeebooks_id_hack/lib/quickeebooks/online/service/customer.rb": [
        1,
        1,
        1,
        null,
        1,
        1,
        1,
        1,
        1,
        null,
        null,
        null,
        null
      ],
      "/Users/cody/Projects/quickeebooks_id_hack/lib/quickeebooks/common/service_crud.rb": [
        1,
        null,
        1,
        21,
        14,
        14,
        14,
        14,
        null,
        null,
        null,
        null,
        null,
        1,
        20,
        20,
        20,
        20,
        null,
        null,
        null,
        null,
        null,
        1,
        22,
        18,
        18,
        18,
        18,
        18,
        null,
        null,
        null,
        null,
        null,
        1,
        20,
        14,
        14,
        14,
        14,
        null,
        null,
        1,
        18,
        null,
        null,
        1,
        140,
        null,
        null,
        1,
        32,
        null,
        null,
        null
      ],
      "/Users/cody/Projects/quickeebooks_id_hack/lib/quickeebooks/online/service/clazz.rb": [
        1,
        1,
        null,
        1,
        1,
        1,
        1,
        1,
        null,
        null,
        null,
        null
      ],
      "/Users/cody/Projects/quickeebooks_id_hack/lib/quickeebooks/online/service/account.rb": [
        1,
        1,
        null,
        1,
        1,
        1,
        1,
        1,
        null,
        null,
        null,
        null
      ],
      "/Users/cody/Projects/quickeebooks_id_hack/lib/quickeebooks/online/service/bill.rb": [
        1,
        1,
        1,
        1,
        1,
        1,
        null,
        1,
        1,
        1,
        1,
        1,
        null,
        null,
        null,
        null,
        null
      ],
      "/Users/cody/Projects/quickeebooks_id_hack/lib/quickeebooks/online/service/bill_payment.rb": [
        1,
        1,
        1,
        1,
        1,
        1,
        null,
        1,
        1,
        1,
        1,
        1,
        null,
        null,
        null,
        null
      ],
      "/Users/cody/Projects/quickeebooks_id_hack/lib/quickeebooks/online/service/invoice.rb": [
        1,
        1,
        1,
        1,
        1,
        null,
        1,
        1,
        1,
        1,
        1,
        null,
        null,
        null,
        1,
        2,
        1,
        0,
        null,
        1,
        null,
        1,
        1,
        null,
        null,
        null,
        null,
        null,
        null
      ],
      "/Users/cody/Projects/quickeebooks_id_hack/lib/quickeebooks/online/service/item.rb": [
        1,
        1,
        null,
        1,
        1,
        1,
        1,
        1,
        null,
        null,
        null,
        null
      ],
      "/Users/cody/Projects/quickeebooks_id_hack/lib/quickeebooks/online/service/job.rb": [
        1,
        1,
        1,
        null,
        1,
        1,
        1,
        1,
        1,
        null,
        null,
        null,
        null
      ],
      "/Users/cody/Projects/quickeebooks_id_hack/lib/quickeebooks/online/service/entitlement.rb": [
        1,
        1,
        1,
        1,
        null,
        1,
        0,
        0,
        0,
        null,
        null,
        null,
        null,
        null,
        null
      ],
      "/Users/cody/Projects/quickeebooks_id_hack/lib/quickeebooks/online/service/payment.rb": [
        1,
        1,
        1,
        1,
        1,
        1,
        1,
        1,
        1,
        1,
        null,
        1,
        1,
        1,
        1,
        1,
        null,
        null,
        null,
        null
      ],
      "/Users/cody/Projects/quickeebooks_id_hack/lib/quickeebooks/online/service/payment_method.rb": [
        1,
        1,
        null,
        1,
        1,
        1,
        1,
        1,
        null,
        null,
        null,
        null
      ],
      "/Users/cody/Projects/quickeebooks_id_hack/lib/quickeebooks/online/service/access_token.rb": [
        1,
        null,
        1,
        1,
        1,
        1,
        1,
        null,
        null,
        null,
        null
      ],
      "/Users/cody/Projects/quickeebooks_id_hack/lib/quickeebooks/online/service/vendor.rb": [
        1,
        1,
        1,
        1,
        null,
        1,
        1,
        1,
        1,
        1,
        null,
        null,
        null,
        null,
        null
      ],
      "/Users/cody/Projects/quickeebooks_id_hack/lib/quickeebooks/online/service/sales_receipt.rb": [
        1,
        1,
        1,
        1,
        1,
        1,
        null,
        1,
        1,
        1,
        1,
        1,
        null,
        null,
        null,
        null
      ],
      "/Users/cody/Projects/quickeebooks_id_hack/lib/quickeebooks/online/service/sales_term.rb": [
        1,
        1,
        1,
        null,
        1,
        1,
        1,
        1,
        1,
        null,
        null,
        null,
        null
      ],
      "/Users/cody/Projects/quickeebooks_id_hack/lib/quickeebooks/online/service/journal_entry.rb": [
        1,
        1,
        1,
        1,
        1,
        1,
        null,
        1,
        1,
        1,
        1,
        1,
        null,
        null,
        null,
        null
      ],
      "/Users/cody/Projects/quickeebooks_id_hack/lib/quickeebooks/online/service/employee.rb": [
        1,
        1,
        1,
        null,
        1,
        1,
        1,
        1,
        1,
        null,
        null,
        null,
        null
      ],
      "/Users/cody/Projects/quickeebooks_id_hack/lib/quickeebooks/online/service/time_activity.rb": [
        1,
        1,
        1,
        1,
        null,
        1,
        1,
        1,
        1,
        1,
        null,
        null,
        null,
        null,
        null
      ],
      "/Users/cody/Projects/quickeebooks_id_hack/lib/quickeebooks/online/service/tracking_class.rb": [
        1,
        1,
        1,
        null,
        1,
        1,
        1,
        1,
        1,
        null,
        null,
        null,
        null
      ],
      "/Users/cody/Projects/quickeebooks_id_hack/lib/quickeebooks/windows/model/intuit_type.rb": [
        1,
        1,
        1,
        1,
        1,
        1,
        1,
        null,
        null,
        null,
        null,
        null
      ],
      "/Users/cody/Projects/quickeebooks_id_hack/lib/quickeebooks/windows/model/id.rb": [
        1,
        null,
        1,
        1,
        1,
        1,
        null,
        1,
        null,
        null,
        1,
        1,
        null,
        1,
        238,
        237,
        null,
        238,
        null,
        null,
        1,
        3,
        null,
        null,
        1,
        2,
        null,
        null,
        null,
        null,
        null,
        null
      ],
      "/Users/cody/Projects/quickeebooks_id_hack/lib/quickeebooks/windows/model/ng_id.rb": [
        1,
        1,
        1,
        1,
        null,
        1,
        1,
        null,
        1,
        35,
        null,
        null,
        1,
        4,
        null,
        null,
        1,
        0,
        null,
        null,
        null,
        null,
        null,
        null
      ],
      "/Users/cody/Projects/quickeebooks_id_hack/lib/quickeebooks/windows/model/ng_id_set.rb": [
        1,
        null,
        1,
        1,
        1,
        1,
        1,
        1,
        1,
        1,
        1,
        null,
        1,
        18,
        null,
        null,
        1,
        4,
        null,
        null,
        1,
        0,
        null,
        null,
        null,
        null,
        null,
        null
      ],
      "/Users/cody/Projects/quickeebooks_id_hack/lib/quickeebooks/windows/model/id_set.rb": [
        1,
        1,
        1,
        1,
        null,
        1,
        1,
        null,
        1,
        1,
        null,
        null,
        1,
        1,
        null,
        null,
        1,
        0,
        null,
        null,
        null,
        null,
        null,
        null
      ],
      "/Users/cody/Projects/quickeebooks_id_hack/lib/quickeebooks/windows/model/custom_field.rb": [
        1,
        null,
        1,
        1,
        1,
        1,
        1,
        1,
        1,
        null,
        null,
        null,
        null
      ],
      "/Users/cody/Projects/quickeebooks_id_hack/lib/quickeebooks/windows/model/price.rb": [
        1,
        null,
        1,
        1,
        1,
        1,
        1,
        1,
        null,
        1,
        15,
        0,
        null,
        null,
        null,
        null,
        null,
        null
      ],
      "/Users/cody/Projects/quickeebooks_id_hack/lib/quickeebooks/windows/model/customer.rb": [
        1,
        1,
        1,
        1,
        1,
        1,
        1,
        1,
        1,
        null,
        1,
        1,
        1,
        1,
        1,
        1,
        null,
        1,
        1,
        1,
        null,
        null,
        1,
        null,
        1,
        1,
        1,
        1,
        1,
        1,
        1,
        1,
        1,
        1,
        1,
        1,
        1,
        1,
        1,
        1,
        1,
        1,
        1,
        1,
        1,
        1,
        1,
        1,
        1,
        1,
        1,
        1,
        1,
        1,
        1,
        1,
        1,
        1,
        1,
        1,
        1,
        1,
        1,
        1,
        1,
        1,
        1,
        1,
        1,
        1,
        1,
        1,
        1,
        1,
        null,
        1,
        1,
        1,
        1,
        null,
        1,
        0,
        null,
        null,
        1,
        1,
        1,
        null,
        1,
        null,
        null,
        1,
        6,
        6,
        5,
        null,
        6,
        null,
        null,
        1,
        0,
        null,
        null,
        1,
        2,
        null,
        null,
        null,
        null,
        1,
        0,
        0,
        null,
        null,
        1,
        11,
        2,
        null,
        null,
        null,
        1,
        11,
        3,
        3,
        2,
        null,
        null,
        null,
        null,
        1,
        11,
        2,
        null,
        null,
        null,
        null,
        null,
        null,
        null
      ],
      "/Users/cody/Projects/quickeebooks_id_hack/lib/quickeebooks/windows/model/meta_data.rb": [
        1,
        1,
        null,
        1,
        1,
        1,
        1,
        1,
        1,
        1,
        1,
        1,
        1,
        null,
        1,
        0,
        0,
        0,
        0,
        null,
        null,
        1,
        null,
        1,
        0,
        null,
        null,
        null,
        null,
        null,
        null
      ],
      "/Users/cody/Projects/quickeebooks_id_hack/lib/quickeebooks/windows/model/address.rb": [
        1,
        null,
        1,
        1,
        1,
        1,
        1,
        1,
        1,
        1,
        1,
        1,
        1,
        1,
        1,
        1,
        1,
        1,
        1,
        null,
        1,
        0,
        null,
        null,
        1,
        0,
        null,
        null,
        1,
        0,
        null,
        null,
        1,
        7,
        null,
        null,
        1,
        0,
        null,
        null,
        null,
        null,
        null,
        null
      ],
      "/Users/cody/Projects/quickeebooks_id_hack/lib/quickeebooks/windows/model/phone.rb": [
        1,
        null,
        1,
        1,
        1,
        1,
        1,
        1,
        1,
        1,
        1,
        null,
        1,
        0,
        null,
        null,
        null,
        null,
        null,
        null
      ],
      "/Users/cody/Projects/quickeebooks_id_hack/lib/quickeebooks/windows/model/web_site.rb": [
        1,
        null,
        1,
        1,
        1,
        1,
        1,
        1,
        1,
        1,
        null,
        1,
        0,
        null,
        null,
        1,
        0,
        null,
        null,
        null,
        null,
        null,
        null
      ],
      "/Users/cody/Projects/quickeebooks_id_hack/lib/quickeebooks/windows/model/email.rb": [
        1,
        null,
        1,
        1,
        1,
        1,
        1,
        1,
        1,
        1,
        1,
        null,
        1,
        1,
        null,
        1,
        3,
        3,
        null,
        null,
        1,
        8,
        2,
        null,
        null,
        null,
        1,
        0,
        null,
        null,
        1,
        null,
        1,
        null,
        0,
        0,
        null,
        null,
        null,
        null,
        null,
        null,
        null,
        null
      ],
      "/Users/cody/Projects/quickeebooks_id_hack/lib/quickeebooks/windows/model/note.rb": [
        1,
        null,
        1,
        1,
        1,
        1,
        1,
        1,
        1,
        1,
        1,
        1,
        1,
        1,
        1,
        null,
        null,
        null,
        null
      ],
      "/Users/cody/Projects/quickeebooks_id_hack/lib/quickeebooks/windows/model/open_balance.rb": [
        1,
        null,
        1,
        1,
        1,
        1,
        1,
        null,
        null,
        null,
        null
      ],
      "/Users/cody/Projects/quickeebooks_id_hack/lib/quickeebooks/windows/model/account.rb": [
        1,
        1,
        1,
        null,
        1,
        1,
        1,
        1,
        1,
        null,
        1,
        1,
        null,
        null,
        1,
        null,
        1,
        1,
        1,
        1,
        1,
        1,
        1,
        1,
        1,
        1,
        1,
        1,
        1,
        1,
        1,
        1,
        1,
        1,
        1,
        1,
        1,
        1,
        1,
        null,
        1,
        1,
        1,
        null,
        1,
        0,
        0,
        null,
        0,
        0,
        null,
        null,
        null,
        1,
        0,
        0,
        null,
        null,
        1,
        null,
        1,
        1,
        0,
        null,
        1,
        0,
        null,
        null,
        null,
        null,
        null,
        null,
        null,
        null
      ],
      "/Users/cody/Projects/quickeebooks_id_hack/lib/quickeebooks/windows/model/account_detail_type.rb": [
        1,
        1,
        1,
        1,
        1,
        null,
        1,
        1,
        1,
        1,
        1,
        1,
        1,
        1,
        1,
        1,
        1,
        1,
        1,
        1,
        1,
        1,
        1,
        1,
        1,
        1,
        1,
        1,
        1,
        1,
        1,
        1,
        1,
        1,
        1,
        1,
        1,
        1,
        1,
        1,
        1,
        1,
        1,
        1,
        1,
        1,
        1,
        1,
        1,
        1,
        1,
        1,
        1,
        1,
        1,
        1,
        1,
        1,
        1,
        1,
        1,
        1,
        1,
        1,
        1,
        1,
        1,
        1,
        1,
        1,
        1,
        1,
        1,
        1,
        1,
        1,
        1,
        1,
        1,
        1,
        1,
        1,
        1,
        1,
        1,
        1,
        1,
        1,
        1,
        1,
        1,
        1,
        1,
        1,
        1,
        1,
        1,
        1,
        1,
        1,
        1,
        1,
        1,
        1,
        1,
        1,
        1,
        1,
        1,
        1,
        1,
        1,
        1,
        1,
        1,
        1,
        1,
        1,
        1,
        1,
        1,
        1,
        1,
        1,
        1,
        1,
        1,
        1,
        1,
        1,
        1,
        1,
        1,
        1,
        1,
        1,
        1,
        1,
        1,
        1,
        1,
        1,
        1,
        1,
        1,
        1,
        1,
        1,
        1,
        1,
        1,
        1,
        1,
        1,
        1,
        1,
        1,
        1,
        1,
        1,
        1,
        1,
        1,
        1,
        1,
        1,
        1,
        1,
        1,
        1,
        1,
        1,
        1,
        1,
        1,
        1,
        1,
        1,
        1,
        1,
        1,
        1,
        1,
        1,
        1,
        1,
        1,
        1,
        1,
        1,
        1,
        1,
        1,
        1,
        1,
        1,
        1,
        1,
        1,
        1,
        1,
        1,
        1,
        1,
        1,
        1,
        1,
        1,
        1,
        1,
        1,
        1,
        1,
        1,
        1,
        1,
        1,
        1,
        1,
        1,
        1,
        1,
        1,
        1,
        1,
        1,
        1,
        null,
        null,
        null,
        null,
        null,
        null
      ],
      "/Users/cody/Projects/quickeebooks_id_hack/lib/quickeebooks/windows/model/item.rb": [
        1,
        1,
        1,
        1,
        1,
        null,
        1,
        1,
        1,
        1,
        1,
        null,
        1,
        1,
        null,
        null,
        1,
        null,
        1,
        1,
        1,
        1,
        1,
        1,
        1,
        1,
        1,
        1,
        1,
        1,
        1,
        1,
        1,
        1,
        1,
        1,
        1,
        1,
        1,
        1,
        1,
        1,
        1,
        1,
        1,
        1,
        1,
        1,
        1,
        1,
        1,
        null,
        1,
        0,
        null,
        null,
        null,
        1,
        0,
        0,
        null,
        null,
        1,
        0,
        null,
        null,
        1,
        0,
        null,
        null,
        1,
        0,
        null,
        null,
        1,
        0,
        null,
        null,
        1,
        0,
        null,
        null,
        null,
        null,
        null,
        null,
        null
      ],
      "/Users/cody/Projects/quickeebooks_id_hack/lib/quickeebooks/windows/model/account_reference.rb": [
        1,
        null,
        1,
        1,
        1,
        1,
        1,
        1,
        1,
        null,
        1,
        6,
        0,
        null,
        null,
        6,
        0,
        null,
        null,
        null,
        null,
        null,
        null
      ],
      "/Users/cody/Projects/quickeebooks_id_hack/lib/quickeebooks/windows/model/vendor_reference.rb": [
        1,
        null,
        1,
        1,
        1,
        1,
        1,
        1,
        null,
        null,
        null,
        null,
        null
      ],
      "/Users/cody/Projects/quickeebooks_id_hack/lib/quickeebooks/windows/model/invoice.rb": [
        1,
        1,
        1,
        1,
        1,
        1,
        null,
        1,
        1,
        1,
        1,
        1,
        null,
        1,
        1,
        null,
        null,
        1,
        null,
        1,
        1,
        1,
        1,
        1,
        1,
        1,
        1,
        1,
        1,
        1,
        1,
        null,
        1,
        null,
        1,
        10,
        null,
        null,
        1,
        null,
        1,
        null,
        null,
        1,
        10,
        null,
        null,
        null,
        null,
        null,
        null,
        null
      ],
      "/Users/cody/Projects/quickeebooks_id_hack/lib/quickeebooks/windows/model/invoice_header.rb": [
        1,
        null,
        1,
        1,
        1,
        1,
        null,
        1,
        null,
        1,
        1,
        1,
        1,
        1,
        1,
        1,
        1,
        1,
        1,
        1,
        1,
        1,
        1,
        1,
        1,
        1,
        1,
        1,
        1,
        1,
        1,
        1,
        1,
        1,
        1,
        1,
        1,
        1,
        1,
        1,
        1,
        1,
        1,
        1,
        1,
        1,
        1,
        1,
        1,
        1,
        1,
        1,
        1,
        1,
        1,
        1,
        1,
        null,
        null,
        null,
        null,
        null,
        null
      ],
      "/Users/cody/Projects/quickeebooks_id_hack/lib/quickeebooks/windows/model/invoice_line_item.rb": [
        1,
        1,
        1,
        1,
        1,
        1,
        1,
        1,
        1,
        1,
        1,
        1,
        1,
        1,
        1,
        1,
        1,
        1,
        1,
        1,
        1,
        1,
        1,
        1,
        1,
        1,
        1,
        null,
        null,
        null,
        null,
        1,
        1,
        1,
        1,
        1,
        1,
        1,
        null,
        null,
        null,
        null
      ],
      "/Users/cody/Projects/quickeebooks_id_hack/lib/quickeebooks/windows/model/tax_line.rb": [
        1,
        null,
        1,
        1,
        1,
        1,
        1,
        1,
        1,
        1,
        1,
        1,
        1,
        null,
        null,
        null,
        null,
        null
      ],
      "/Users/cody/Projects/quickeebooks_id_hack/lib/quickeebooks/windows/model/rest_response.rb": [
        1,
        1,
        null,
        1,
        1,
        1,
        1,
        null,
        1,
        1,
        1,
        null,
        1,
        11,
        null,
        null,
        1,
        0,
        null,
        null,
        1,
        0,
        0,
        0,
        null,
        0,
        0,
        null,
        0,
        null,
        null,
        null,
        null,
        null,
        null
      ],
      "/Users/cody/Projects/quickeebooks_id_hack/lib/quickeebooks/windows/model/success.rb": [
        1,
        1,
        null,
        1,
        1,
        1,
        1,
        null,
        1,
        null,
        1,
        1,
        1,
        1,
        1,
        null,
        null,
        null,
        null,
        null
      ],
      "/Users/cody/Projects/quickeebooks_id_hack/lib/quickeebooks/windows/model/object_ref.rb": [
        1,
        1,
        1,
        1,
        null,
        1,
        1,
        1,
        1,
        null,
        null,
        null,
        null,
        null
      ],
      "/Users/cody/Projects/quickeebooks_id_hack/lib/quickeebooks/windows/model/party_role_ref.rb": [
        1,
        1,
        1,
        1,
        1,
        1,
        1,
        1,
        null,
        null,
        null,
        null
      ],
      "/Users/cody/Projects/quickeebooks_id_hack/lib/quickeebooks/windows/model/error.rb": [
        1,
        1,
        1,
        1,
        1,
        null,
        1,
        null,
        1,
        1,
        1,
        1,
        1,
        1,
        null,
        null,
        null,
        null,
        null
      ],
      "/Users/cody/Projects/quickeebooks_id_hack/lib/quickeebooks/windows/model/sales_rep.rb": [
        1,
        1,
        1,
        1,
        1,
        1,
        null,
        1,
        1,
        1,
        1,
        null,
        1,
        1,
        null,
        null,
        1,
        null,
        1,
        1,
        1,
        1,
        1,
        1,
        1,
        1,
        1,
        null,
        1,
        0,
        null,
        null,
        1,
        10,
        null,
        null,
        null,
        null,
        null,
        null
      ],
      "/Users/cody/Projects/quickeebooks_id_hack/lib/quickeebooks/windows/model/vendor.rb": [
        1,
        1,
        null,
        1,
        1,
        1,
        1,
        1,
        null,
        1,
        1,
        1,
        null,
        null,
        null,
        null,
        null
      ],
      "/Users/cody/Projects/quickeebooks_id_hack/lib/quickeebooks/windows/model/vendor_id.rb": [
        1,
        null,
        1,
        1,
        1,
        1,
        null,
        1,
        null,
        1,
        1,
        1,
        null,
        1,
        9,
        9,
        null,
        null,
        null,
        null,
        null
      ],
      "/Users/cody/Projects/quickeebooks_id_hack/lib/quickeebooks/windows/model/other_name.rb": [
        1,
        1,
        null,
        1,
        1,
        1,
        1,
        null,
        1,
        1,
        1,
        null,
        null,
        null,
        null,
        null
      ],
      "/Users/cody/Projects/quickeebooks_id_hack/lib/quickeebooks/windows/model/other_name_id.rb": [
        1,
        null,
        1,
        1,
        1,
        1,
        null,
        1,
        null,
        1,
        1,
        1,
        null,
        1,
        1,
        1,
        null,
        null,
        null,
        null,
        null
      ],
      "/Users/cody/Projects/quickeebooks_id_hack/lib/quickeebooks/windows/model/external_key.rb": [
        1,
        null,
        1,
        1,
        1,
        1,
        null,
        1,
        null,
        1,
        1,
        1,
        null,
        1,
        12,
        12,
        null,
        null,
        null,
        null,
        null
      ],
      "/Users/cody/Projects/quickeebooks_id_hack/lib/quickeebooks/windows/model/ship_method.rb": [
        1,
        1,
        1,
        1,
        1,
        null,
        1,
        1,
        1,
        1,
        null,
        1,
        1,
        null,
        null,
        1,
        null,
        1,
        1,
        1,
        1,
        1,
        1,
        1,
        1,
        1,
        null,
        null,
        null,
        null,
        null
      ],
      "/Users/cody/Projects/quickeebooks_id_hack/lib/quickeebooks/windows/model/sales_tax.rb": [
        1,
        1,
        1,
        1,
        1,
        null,
        1,
        1,
        1,
        1,
        null,
        1,
        1,
        null,
        null,
        1,
        null,
        1,
        1,
        1,
        1,
        1,
        1,
        1,
        1,
        1,
        1,
        null,
        null,
        null,
        null,
        null,
        null
      ],
      "/Users/cody/Projects/quickeebooks_id_hack/lib/quickeebooks/windows/model/customer_msg.rb": [
        1,
        1,
        1,
        1,
        1,
        null,
        1,
        1,
        1,
        1,
        null,
        1,
        1,
        null,
        null,
        1,
        null,
        1,
        1,
        1,
        1,
        1,
        1,
        1,
        1,
        1,
        null,
        null,
        null,
        null,
        null
      ],
      "/Users/cody/Projects/quickeebooks_id_hack/lib/quickeebooks/windows/model/company_meta_data.rb": [
        null,
        1,
        1,
        1,
        1,
        null,
        1,
        1,
        1,
        1,
        1,
        null,
        1,
        1,
        null,
        1,
        null,
        1,
        1,
        1,
        1,
        1,
        1,
        1,
        1,
        null,
        null,
        null,
        null
      ],
      "/Users/cody/Projects/quickeebooks_id_hack/lib/quickeebooks/windows/model/payment.rb": [
        1,
        1,
        1,
        1,
        1,
        1,
        1,
        null,
        1,
        1,
        1,
        1,
        1,
        null,
        1,
        1,
        1,
        null,
        1,
        1,
        1,
        1,
        1,
        1,
        null,
        1,
        3,
        null,
        null,
        1,
        1,
        1,
        0,
        null,
        null,
        null,
        null,
        null,
        null,
        null,
        1,
        null,
        null,
        1,
        null,
        1,
        null,
        null,
        1,
        3,
        null,
        null,
        null,
        null,
        null
      ],
      "/Users/cody/Projects/quickeebooks_id_hack/lib/quickeebooks/windows/model/payment_header.rb": [
        1,
        1,
        null,
        1,
        1,
        1,
        1,
        1,
        null,
        1,
        1,
        1,
        1,
        1,
        1,
        1,
        1,
        1,
        1,
        1,
        1,
        1,
        1,
        1,
        1,
        1,
        1,
        1,
        1,
        1,
        null,
        1,
        null,
        1,
        null,
        1,
        0,
        0,
        null,
        null,
        0,
        0,
        null,
        null,
        null,
        null,
        null,
        null,
        null,
        null
      ],
      "/Users/cody/Projects/quickeebooks_id_hack/lib/quickeebooks/windows/model/payment_detail.rb": [
        1,
        null,
        1,
        1,
        1,
        1,
        1,
        1,
        null,
        null,
        null,
        null
      ],
      "/Users/cody/Projects/quickeebooks_id_hack/lib/quickeebooks/windows/model/credit_card.rb": [
        1,
        1,
        null,
        1,
        1,
        1,
        1,
        1,
        1,
        1,
        null,
        null,
        null,
        null
      ],
      "/Users/cody/Projects/quickeebooks_id_hack/lib/quickeebooks/windows/model/credit_charge_info.rb": [
        1,
        1,
        1,
        1,
        1,
        1,
        1,
        1,
        1,
        1,
        1,
        1,
        1,
        null,
        null,
        null,
        null
      ],
      "/Users/cody/Projects/quickeebooks_id_hack/lib/quickeebooks/windows/model/credit_charge_response.rb": [
        1,
        1,
        1,
        1,
        1,
        1,
        1,
        1,
        1,
        null,
        null,
        null,
        null
      ],
      "/Users/cody/Projects/quickeebooks_id_hack/lib/quickeebooks/windows/model/payment_line_item.rb": [
        1,
        null,
        1,
        1,
        1,
        1,
        1,
        1,
        1,
        1,
        1,
        1,
        null,
        null,
        null,
        null
      ],
      "/Users/cody/Projects/quickeebooks_id_hack/lib/quickeebooks/windows/model/payment_method.rb": [
        1,
        1,
        1,
        1,
        1,
        null,
        1,
        1,
        null,
        null,
        1,
        null,
        1,
        1,
        1,
        1,
        1,
        1,
        1,
        1,
        1,
        1,
        null,
        1,
        null,
        null,
        null,
        null
      ],
      "/Users/cody/Projects/quickeebooks_id_hack/lib/quickeebooks/windows/model/clazz.rb": [
        1,
        1,
        1,
        1,
        1,
        null,
        1,
        1,
        1,
        1,
        1,
        null,
        1,
        1,
        null,
        null,
        1,
        null,
        1,
        1,
        1,
        1,
        1,
        1,
        1,
        1,
        1,
        1,
        1,
        1,
        null,
        1,
        null,
        1,
        1,
        null,
        null,
        1,
        0,
        0,
        null,
        0,
        null,
        null,
        1,
        0,
        0,
        0,
        null,
        0,
        null,
        null,
        1,
        0,
        null,
        null,
        null,
        1,
        0,
        0,
        null,
        null,
        null,
        null,
        null,
        null
      ],
      "/Users/cody/Projects/quickeebooks_id_hack/lib/quickeebooks/windows/model/sales_receipt_header.rb": [
        1,
        null,
        1,
        1,
        1,
        1,
        null,
        1,
        1,
        1,
        1,
        1,
        1,
        1,
        1,
        1,
        1,
        1,
        1,
        1,
        1,
        1,
        1,
        1,
        1,
        1,
        1,
        1,
        1,
        1,
        1,
        1,
        1,
        1,
        1,
        1,
        1,
        1,
        1,
        1,
        1,
        1,
        1,
        1,
        1,
        1,
        1,
        1,
        1,
        1,
        1,
        1,
        1,
        null,
        null,
        null,
        null
      ],
      "/Users/cody/Projects/quickeebooks_id_hack/lib/quickeebooks/windows/model/sales_receipt_line_item.rb": [
        1,
        1,
        1,
        1,
        1,
        1,
        1,
        1,
        1,
        1,
        1,
        1,
        1,
        1,
        1,
        1,
        1,
        1,
        1,
        1,
        1,
        1,
        1,
        1,
        1,
        1,
        1,
        null,
        1,
        1,
        null,
        1,
        1,
        1,
        1,
        1,
        null,
        null,
        null,
        null
      ],
      "/Users/cody/Projects/quickeebooks_id_hack/lib/quickeebooks/windows/model/sales_receipt.rb": [
        1,
        1,
        1,
        1,
        null,
        1,
        1,
        1,
        1,
        null,
        1,
        1,
        null,
        null,
        1,
        null,
        1,
        1,
        1,
        1,
        1,
        1,
        1,
        1,
        1,
        null,
        1,
        0,
        null,
        null,
        null,
        null,
        null,
        null
      ],
      "/Users/cody/Projects/quickeebooks_id_hack/lib/quickeebooks/windows/model/employee.rb": [
        1,
        1,
        1,
        1,
        1,
        1,
        1,
        1,
        null,
        null,
        1,
        1,
        1,
        1,
        1,
        null,
        1,
        1,
        null,
        null,
        1,
        null,
        1,
        1,
        1,
        1,
        1,
        1,
        1,
        1,
        1,
        1,
        1,
        1,
        1,
        1,
        1,
        1,
        1,
        1,
        1,
        1,
        1,
        1,
        1,
        1,
        1,
        1,
        1,
        1,
        1,
        1,
        1,
        null,
        1,
        1,
        null,
        1,
        4,
        4,
        3,
        null,
        4,
        null,
        null,
        1,
        6,
        2,
        null,
        null,
        null,
        1,
        1,
        1,
        null,
        null,
        1,
        2,
        null,
        null,
        1,
        0,
        null,
        null,
        null,
        null,
        null,
        null
      ],
      "/Users/cody/Projects/quickeebooks_id_hack/lib/quickeebooks/windows/model/time_activity.rb": [
        1,
        1,
        1,
        1,
        1,
        1,
        1,
        1,
        1,
        1,
        null,
        null,
        1,
        1,
        1,
        1,
        1,
        null,
        1,
        1,
        null,
        null,
        1,
        null,
        1,
        1,
        1,
        1,
        1,
        1,
        1,
        1,
        1,
        1,
        1,
        1,
        1,
        1,
        1,
        1,
        1,
        1,
        1,
        1,
        1,
        1,
        1,
        1,
        1,
        1,
        1,
        1,
        1,
        1,
        1,
        1,
        1,
        1,
        null,
        1,
        1,
        null,
        1,
        null,
        1,
        2,
        2,
        null,
        null,
        1,
        3,
        2,
        null,
        null,
        null,
        null,
        null,
        null,
        null
      ],
      "/Users/cody/Projects/quickeebooks_id_hack/lib/quickeebooks/windows/model/time_activity_employee.rb": [
        1,
        null,
        1,
        1,
        1,
        1,
        1,
        1,
        null,
        null,
        null,
        null
      ],
      "/Users/cody/Projects/quickeebooks_id_hack/lib/quickeebooks/windows/model/time_activity_vendor.rb": [
        1,
        null,
        1,
        1,
        1,
        1,
        1,
        1,
        null,
        null,
        null,
        null
      ],
      "/Users/cody/Projects/quickeebooks_id_hack/lib/quickeebooks/windows/model/job.rb": [
        1,
        1,
        1,
        1,
        1,
        1,
        1,
        1,
        1,
        1,
        null,
        1,
        1,
        1,
        1,
        1,
        1,
        null,
        1,
        1,
        null,
        null,
        null,
        1,
        null,
        1,
        1,
        1,
        1,
        1,
        1,
        1,
        1,
        1,
        1,
        1,
        1,
        1,
        1,
        1,
        1,
        1,
        1,
        1,
        1,
        1,
        1,
        1,
        1,
        1,
        1,
        1,
        1,
        1,
        1,
        1,
        1,
        1,
        1,
        1,
        1,
        1,
        1,
        1,
        1,
        1,
        1,
        1,
        1,
        1,
        1,
        1,
        1,
        1,
        1,
        1,
        1,
        1,
        null,
        1,
        0,
        0,
        null,
        null,
        1,
        2,
        null,
        null,
        1,
        0,
        null,
        null,
        null,
        null,
        null,
        null,
        null
      ],
      "/Users/cody/Projects/quickeebooks_id_hack/lib/quickeebooks/windows/model/purchase_cost.rb": [
        1,
        null,
        1,
        1,
        1,
        1,
        1,
        1,
        null,
        null,
        null,
        null
      ],
      "/Users/cody/Projects/quickeebooks_id_hack/lib/quickeebooks/windows/model/job_job_info.rb": [
        1,
        null,
        1,
        1,
        1,
        1,
        1,
        1,
        1,
        1,
        1,
        1,
        null,
        null,
        null,
        null
      ],
      "/Users/cody/Projects/quickeebooks_id_hack/lib/quickeebooks/windows/model/sync_activity_response.rb": [
        1,
        1,
        null,
        1,
        1,
        1,
        1,
        1,
        null,
        1,
        1,
        null,
        null,
        1,
        null,
        1,
        1,
        1,
        1,
        1,
        1,
        1,
        null,
        null,
        null,
        null,
        null,
        null
      ],
      "/Users/cody/Projects/quickeebooks_id_hack/lib/quickeebooks/windows/model/sync_status_drill_down.rb": [
        1,
        null,
        1,
        1,
        1,
        1,
        1,
        1,
        1,
        1,
        1,
        1,
        1,
        1,
        null,
        null,
        null,
        null
      ],
      "/Users/cody/Projects/quickeebooks_id_hack/lib/quickeebooks/windows/model/sync_status_param.rb": [
        1,
        null,
        1,
        1,
        1,
        1,
        1,
        1,
        1,
        1,
        1,
        null,
        1,
        1,
        null,
        null,
        1,
        1,
        null,
        null,
        1,
        0,
        null,
        null,
        null,
        null,
        null,
        null
      ],
      "/Users/cody/Projects/quickeebooks_id_hack/lib/quickeebooks/windows/model/sync_status_request.rb": [
        1,
        1,
        1,
        null,
        1,
        1,
        1,
        1,
        null,
        1,
        null,
        null,
        1,
        null,
        1,
        1,
        1,
        1,
        null,
        1,
        3,
        null,
        3,
        2,
        1,
        1,
        null,
        1,
        1,
        null,
        null,
        null,
        null,
        null,
        null,
        null
      ],
      "/Users/cody/Projects/quickeebooks_id_hack/lib/quickeebooks/windows/model/sync_status_response.rb": [
        1,
        1,
        1,
        1,
        null,
        1,
        1,
        null,
        1,
        null,
        1,
        null,
        null,
        null,
        null,
        null,
        null,
        null,
        null,
        null,
        null,
        null,
        null,
        null,
        null,
        null,
        null,
        null,
        null,
        null,
        null,
        null,
        null,
        null,
        null,
        null,
        null,
        null,
        null,
        null,
        null,
        null,
        null,
        null,
        null,
        null,
        null,
        null,
        null,
        1,
        null,
        null,
        null,
        null,
        null,
        null,
        null,
        null,
        null,
        null,
        null,
        null,
        null,
        null,
        null,
        null,
        null,
        null,
        null,
        null,
        null,
        null,
        null,
        null,
        null,
        null,
        null,
        null,
        null,
        null,
        null,
        null,
        null,
        null,
        null,
        null,
        null,
        null,
        null,
        null,
        null,
        null,
        null,
        null,
        null,
        null,
        null,
        null,
        null,
        null,
        null,
        null,
        null,
        null,
        null,
        null,
        null,
        null,
        null,
        null,
        null,
        null,
        null,
        null,
        null,
        null,
        null,
        null,
        null,
        null,
        null,
        null,
        null,
        null,
        1,
        1,
        1,
        1,
        1,
        null,
        1,
        1,
        1,
        1,
        1,
        null,
        1,
        0,
        0,
        null,
        null,
        null,
        null,
        null,
        1,
        0,
        0,
        null,
        null,
        null,
        null,
        null,
        null,
        null,
        null,
        null
      ],
      "/Users/cody/Projects/quickeebooks_id_hack/lib/quickeebooks/windows/model/credit_memo.rb": [
        1,
        1,
        1,
        1,
        1,
        1,
        null,
        1,
        1,
        1,
        1,
        1,
        null,
        1,
        1,
        null,
        null,
        1,
        null,
        1,
        1,
        1,
        1,
        1,
        1,
        1,
        1,
        1,
        1,
        1,
        1,
        null,
        1,
        null,
        1,
        10,
        null,
        null,
        1,
        null,
        1,
        10,
        null,
        null,
        null,
        null,
        null,
        null,
        null
      ],
      "/Users/cody/Projects/quickeebooks_id_hack/lib/quickeebooks/windows/model/credit_memo_header.rb": [
        1,
        null,
        1,
        1,
        1,
        1,
        null,
        1,
        null,
        1,
        1,
        1,
        1,
        1,
        1,
        1,
        1,
        1,
        1,
        1,
        1,
        1,
        1,
        1,
        1,
        1,
        1,
        1,
        1,
        1,
        1,
        1,
        1,
        1,
        1,
        1,
        1,
        1,
        1,
        1,
        1,
        1,
        1,
        1,
        1,
        1,
        1,
        1,
        1,
        1,
        1,
        1,
        1,
        1,
        1,
        1,
        1,
        1,
        null,
        null,
        null,
        null,
        null,
        null
      ],
      "/Users/cody/Projects/quickeebooks_id_hack/lib/quickeebooks/windows/model/credit_memo_line_item.rb": [
        1,
        1,
        1,
        1,
        1,
        1,
        1,
        1,
        1,
        1,
        1,
        1,
        1,
        1,
        1,
        1,
        1,
        1,
        1,
        1,
        1,
        1,
        1,
        1,
        1,
        1,
        1,
        1,
        1,
        1,
        1,
        1,
        1,
        1,
        null,
        null,
        null,
        null
      ],
      "/Users/cody/Projects/quickeebooks_id_hack/lib/quickeebooks/windows/service/filter.rb": [
        1,
        null,
        1,
        1,
        1,
        1,
        null,
        null,
        null,
        null
      ],
      "/Users/cody/Projects/quickeebooks_id_hack/lib/quickeebooks/windows/service/sort.rb": [
        1,
        1,
        1,
        1,
        null,
        null,
        null,
        null
      ],
      "/Users/cody/Projects/quickeebooks_id_hack/lib/quickeebooks/windows/service/service_base.rb": [
        1,
        1,
        1,
        1,
        null,
        1,
        1,
        1,
        6,
        null,
        null,
        1,
        null,
        1,
        1,
        1,
        1,
        1,
        null,
        1,
        1,
        1,
        1,
        1,
        null,
        1,
        null,
        1,
        27,
        null,
        27,
        0,
        0,
        0,
        0,
        0,
        0,
        null,
        null,
        null,
        1,
        22,
        null,
        null,
        1,
        2,
        null,
        null,
        1,
        90,
        null,
        null,
        1,
        90,
        null,
        null,
        null,
        null,
        null,
        null,
        1,
        5,
        null,
        194,
        3,
        null,
        2,
        null,
        null,
        null,
        1,
        null,
        1,
        45,
        null,
        45,
        null,
        45,
        null,
        null,
        null,
        1,
        0,
        null,
        null,
        null,
        null,
        1,
        7,
        7,
        7,
        7,
        7,
        null,
        null,
        null,
        null,
        null,
        1,
        22,
        null,
        22,
        null,
        null,
        22,
        22,
        null,
        null,
        22,
        4,
        10,
        4,
        null,
        null,
        22,
        1,
        null,
        null,
        22,
        null,
        22,
        22,
        22,
        5,
        null,
        22,
        null,
        22,
        21,
        null,
        null,
        1,
        32,
        24,
        24,
        24,
        24,
        24,
        24,
        24,
        24,
        87,
        87,
        null,
        null,
        24,
        24,
        null,
        null,
        0,
        null,
        24,
        null,
        null,
        null,
        null,
        null,
        1,
        11,
        11,
        11,
        null,
        11,
        null,
        11,
        11,
        11,
        null,
        11,
        null,
        0,
        null,
        0,
        null,
        null,
        11,
        null,
        null,
        1,
        30,
        30,
        null,
        null,
        1,
        13,
        13,
        null,
        null,
        1,
        43,
        0,
        null,
        43,
        7,
        null,
        43,
        43,
        43,
        43,
        43,
        43,
        43,
        43,
        null,
        null,
        1,
        43,
        12,
        null,
        37,
        null,
        null,
        null,
        1,
        45,
        45,
        45,
        45,
        45,
        45,
        null,
        null,
        43,
        1,
        null,
        42,
        null,
        null,
        0,
        null,
        0,
        null,
        2,
        null,
        0,
        null,
        null,
        null,
        1,
        3,
        3,
        3,
        3,
        3,
        3,
        null,
        null,
        1,
        43,
        null,
        null,
        1,
        3,
        3,
        3,
        1,
        null,
        3,
        3,
        1,
        null,
        3,
        null,
        null,
        null,
        null,
        null,
        null
      ],
      "/Users/cody/Projects/quickeebooks_id_hack/lib/quickeebooks/windows/service/account.rb": [
        1,
        1,
        null,
        1,
        1,
        1,
        1,
        null,
        1,
        0,
        null,
        null,
        1,
        1,
        1,
        null,
        null,
        1,
        null,
        null,
        1,
        1,
        null,
        1,
        1,
        null,
        null,
        1,
        null,
        null,
        null,
        null,
        null,
        null
      ],
      "/Users/cody/Projects/quickeebooks_id_hack/lib/quickeebooks/windows/service/customer.rb": [
        1,
        null,
        1,
        1,
        1,
        1,
        null,
        1,
        1,
        null,
        null,
        1,
        1,
        1,
        null,
        null,
        1,
        6,
        null,
        null,
        null,
        1,
        1,
        1,
        1,
        null,
        1,
        null,
        null,
        1,
        null,
        null,
        null,
        null,
        1,
        1,
        null,
        null,
        1,
        2,
        null,
        1,
        1,
        null,
        null,
        1,
        2,
        null,
        null,
        1,
        0,
        null,
        null,
        1,
        1,
        1,
        1,
        null,
        1,
        null,
        null,
        null,
        null,
        null,
        null
      ],
      "/Users/cody/Projects/quickeebooks_id_hack/lib/quickeebooks/windows/service/credit_memo.rb": [
        1,
        1,
        1,
        1,
        null,
        1,
        1,
        1,
        1,
        null,
        null,
        null,
        null,
        null,
        null,
        null,
        null,
        1,
        1,
        null,
        null,
        1,
        1,
        1,
        null,
        null,
        1,
        null,
        null,
        1,
        1,
        1,
        1,
        null,
        1,
        null,
        null,
        1,
        null,
        null,
        null,
        null,
        1,
        1,
        null,
        null,
        1,
        0,
        null,
        null,
        1,
        0,
        null,
        null,
        1,
        1,
        1,
        1,
        null,
        1,
        null,
        null,
        null,
        null,
        null,
        null
      ],
      "/Users/cody/Projects/quickeebooks_id_hack/lib/quickeebooks/windows/service/item.rb": [
        1,
        1,
        null,
        1,
        1,
        1,
        1,
        null,
        1,
        1,
        1,
        0,
        null,
        1,
        null,
        1,
        null,
        null,
        1,
        1,
        1,
        null,
        null,
        1,
        null,
        null,
        0,
        0,
        0,
        0,
        null,
        0,
        null,
        null,
        null,
        null,
        null,
        null,
        null
      ],
      "/Users/cody/Projects/quickeebooks_id_hack/lib/quickeebooks/windows/service/invoice.rb": [
        1,
        1,
        1,
        1,
        1,
        null,
        1,
        1,
        1,
        1,
        null,
        null,
        null,
        null,
        null,
        null,
        null,
        null,
        1,
        1,
        null,
        null,
        1,
        0,
        null,
        null,
        1,
        1,
        1,
        null,
        null,
        1,
        null,
        null,
        1,
        1,
        1,
        1,
        null,
        1,
        null,
        null,
        1,
        null,
        null,
        null,
        null,
        1,
        1,
        null,
        null,
        1,
        1,
        null,
        null,
        1,
        1,
        null,
        null,
        1,
        1,
        1,
        1,
        null,
        1,
        null,
        null,
        null,
        null,
        null,
        null
      ],
      "/Users/cody/Projects/quickeebooks_id_hack/lib/quickeebooks/windows/service/sales_rep.rb": [
        1,
        1,
        null,
        1,
        1,
        1,
        1,
        null,
        1,
        1,
        null,
        null,
        null,
        null,
        null,
        null
      ],
      "/Users/cody/Projects/quickeebooks_id_hack/lib/quickeebooks/windows/service/sales_receipt.rb": [
        1,
        1,
        1,
        1,
        null,
        1,
        1,
        1,
        1,
        null,
        1,
        0,
        0,
        null,
        null,
        1,
        1,
        1,
        null,
        null,
        1,
        0,
        null,
        null,
        null,
        0,
        0,
        0,
        0,
        null,
        0,
        null,
        null,
        1,
        null,
        null,
        null,
        null,
        1,
        1,
        null,
        1,
        1,
        null,
        1,
        1,
        null,
        null,
        1,
        null,
        null,
        null,
        null,
        null,
        null,
        null
      ],
      "/Users/cody/Projects/quickeebooks_id_hack/lib/quickeebooks/windows/service/ship_method.rb": [
        1,
        null,
        1,
        1,
        1,
        1,
        null,
        1,
        1,
        null,
        null,
        1,
        null,
        null,
        null,
        0,
        0,
        null,
        0,
        0,
        null,
        null,
        0,
        null,
        null,
        null,
        null,
        null,
        null
      ],
      "/Users/cody/Projects/quickeebooks_id_hack/lib/quickeebooks/windows/service/sales_tax.rb": [
        1,
        null,
        1,
        1,
        1,
        1,
        null,
        1,
        1,
        null,
        null,
        null,
        null,
        null,
        null
      ],
      "/Users/cody/Projects/quickeebooks_id_hack/lib/quickeebooks/windows/service/customer_msg.rb": [
        1,
        null,
        1,
        1,
        1,
        1,
        null,
        1,
        0,
        null,
        null,
        null,
        null,
        null,
        null
      ],
      "/Users/cody/Projects/quickeebooks_id_hack/lib/quickeebooks/windows/service/company_meta_data.rb": [
        1,
        null,
        1,
        1,
        1,
        1,
        1,
        1,
        1,
        null,
        null,
        null,
        null,
        null
      ],
      "/Users/cody/Projects/quickeebooks_id_hack/lib/quickeebooks/windows/service/payment.rb": [
        1,
        1,
        1,
        1,
        1,
        1,
        1,
        1,
        1,
        null,
        1,
        1,
        1,
        1,
        1,
        0,
        0,
        null,
        null,
        1,
        1,
        null,
        null,
        1,
        1,
        null,
        null,
        null,
        1,
        1,
        1,
        1,
        null,
        1,
        null,
        null,
        null,
        null,
        null,
        null
      ],
      "/Users/cody/Projects/quickeebooks_id_hack/lib/quickeebooks/windows/service/payment_method.rb": [
        1,
        1,
        1,
        1,
        null,
        1,
        1,
        null,
        null,
        null,
        null,
        null,
        null,
        null
      ],
      "/Users/cody/Projects/quickeebooks_id_hack/lib/quickeebooks/windows/service/clazz.rb": [
        1,
        1,
        null,
        1,
        1,
        1,
        1,
        null,
        1,
        1,
        null,
        null,
        null,
        null,
        null,
        null
      ],
      "/Users/cody/Projects/quickeebooks_id_hack/lib/quickeebooks/windows/service/access_token.rb": [
        1,
        null,
        1,
        1,
        1,
        1,
        1,
        null,
        null,
        null,
        null
      ],
      "/Users/cody/Projects/quickeebooks_id_hack/lib/quickeebooks/windows/service/employee.rb": [
        1,
        1,
        null,
        1,
        1,
        1,
        1,
        1,
        1,
        null,
        null,
        1,
        4,
        null,
        null,
        null,
        1,
        1,
        1,
        1,
        null,
        1,
        null,
        null,
        null,
        null,
        null
      ],
      "/Users/cody/Projects/quickeebooks_id_hack/lib/quickeebooks/windows/service/time_activity.rb": [
        1,
        1,
        null,
        1,
        1,
        1,
        1,
        null,
        1,
        1,
        null,
        null,
        1,
        2,
        null,
        null,
        null,
        1,
        1,
        1,
        1,
        null,
        1,
        null,
        null,
        null,
        null,
        null,
        null
      ],
      "/Users/cody/Projects/quickeebooks_id_hack/lib/quickeebooks/windows/service/job.rb": [
        1,
        1,
        null,
        1,
        1,
        1,
        1,
        null,
        1,
        null,
        null,
        null,
        1,
        2,
        2,
        null,
        null,
        1,
        0,
        0,
        null,
        null,
        null,
        null,
        null,
        null,
        null
      ],
      "/Users/cody/Projects/quickeebooks_id_hack/lib/quickeebooks/windows/service/sync_activity.rb": [
        1,
        1,
        null,
        1,
        1,
        1,
        1,
        null,
        null,
        null,
        null,
        1,
        1,
        null,
        1,
        1,
        null,
        null,
        1,
        null,
        1,
        1,
        null,
        1,
        1,
        1,
        2,
        null,
        1,
        null,
        null,
        null,
        null,
        null,
        null
      ],
      "/Users/cody/Projects/quickeebooks_id_hack/lib/quickeebooks/windows/service/sync_status.rb": [
        1,
        1,
        null,
        1,
        1,
        1,
        1,
        null,
        1,
        3,
        0,
        null,
        null,
        3,
        null,
        3,
        0,
        null,
        null,
        3,
        3,
        3,
        null,
        3,
        null,
        3,
        3,
        3,
        null,
        null,
        null,
        null,
        null,
        null
      ]
    },
    "timestamp": 1423701809
  }
}
