?<?xml version="1.0" encoding="utf-8" standalone="no"?>
<!--This file represents the results of running a test suite-->
<test-results name="C:\roland\Personal\TestServiceStackService\TestServiceStackService.Tests\bin\Debug\TestServiceStackService.Tests.dll" total="1" errors="0" failures="0" not-run="0" inconclusive="0" ignored="0" skipped="0" invalid="0" date="2011-12-16" time="15:45:29">
  <environment nunit-version="2.5.10.11092" clr-version="2.0.50727.4963" os-version="Microsoft Windows NT 6.1.7600.0" platform="Win32NT" cwd="C:\Program Files (x86)\NUnit 2.5.10\bin\net-2.0" machine-name="RMAI-LT" user="Rmai" user-domain="RMGCOM" />
  <culture-info current-culture="en-US" current-uiculture="en-US" />
  <test-suite type="Assembly" name="C:\roland\Personal\TestServiceStackService\TestServiceStackService.Tests\bin\Debug\TestServiceStackService.Tests.dll" executed="True" result="Success" success="True" time="0.982" asserts="0">
    <results>
      <test-suite type="Namespace" name="TestServiceStackService" executed="True" result="Success" success="True" time="0.971" asserts="0">
        <results>
          <test-suite type="Namespace" name="Tests" executed="True" result="Success" success="True" time="0.971" asserts="0">
            <results>
              <test-suite type="TestFixture" name="AuthenticateTests" executed="True" result="Success" success="True" time="0.969" asserts="0">
                <results>
                  <test-case name="TestServiceStackService.Tests.AuthenticateTests.T00_Test_authenticate_with_user1_json" executed="True" result="Success" success="True" time="0.957" asserts="0" />
                </results>
              </test-suite>
            </results>
          </test-suite>
        </results>
      </test-suite>
    </results>
  </test-suite>
</test-results>